# JRE version: Java(TM) SE Runtime Environment (8.0_25-b17) (build 1.8.0_25-b17)
# Java VM: Java HotSpot(TM) 64-Bit Server VM (25.25-b02 mixed mode linux-amd64 compressed oops)
Heap:
 PSYoungGen      total 417280K, used 357330K [0x000000076cf00000, 0x000000078e200000, 0x00000007c0000000)
  eden space 397312K, 86% used [0x000000076cf00000,0x0000000781d85ce0,0x0000000785300000)
  from space 19968K, 74% used [0x0000000785300000,0x000000078616ed70,0x0000000786680000)
  to   space 20992K, 0% used [0x000000078cd80000,0x000000078cd80000,0x000000078e200000)
 ParOldGen       total 174080K, used 29246K [0x00000006c6c00000, 0x00000006d1600000, 0x000000076cf00000)
  object space 174080K, 16% used [0x00000006c6c00000,0x00000006c888f838,0x00000006d1600000)
 Metaspace       used 53674K, capacity 54332K, committed 54744K, reserved 1097728K
  class space    used 6221K, capacity 6344K, committed 6400K, reserved 1048576K
GC Heap History (10 events):
Event: 4.094 GC heap before
{Heap before GC invocations=7 (full 1):
 PSYoungGen      total 268288K, used 9171K [0x000000076cf00000, 0x000000077e100000, 0x00000007c0000000)
  eden space 257536K, 0% used [0x000000076cf00000,0x000000076cf00000,0x000000077ca80000)
  from space 10752K, 85% used [0x000000077d580000,0x000000077de74ca0,0x000000077e000000)
  to   space 11264K, 0% used [0x000000077ca80000,0x000000077ca80000,0x000000077d580000)
 ParOldGen       total 171008K, used 301K [0x00000006c6c00000, 0x00000006d1300000, 0x000000076cf00000)
  object space 171008K, 0% used [0x00000006c6c00000,0x00000006c6c4b4c0,0x00000006d1300000)
 Metaspace       used 20854K, capacity 21060K, committed 21248K, reserved 1069056K
  class space    used 2465K, capacity 2524K, committed 2560K, reserved 1048576K
Event: 4.165 GC heap after
Heap after GC invocations=7 (full 1):
 PSYoungGen      total 268288K, used 0K [0x000000076cf00000, 0x000000077e100000, 0x00000007c0000000)
  eden space 257536K, 0% used [0x000000076cf00000,0x000000076cf00000,0x000000077ca80000)
  from space 10752K, 0% used [0x000000077d580000,0x000000077d580000,0x000000077e000000)
  to   space 11264K, 0% used [0x000000077ca80000,0x000000077ca80000,0x000000077d580000)
 ParOldGen       total 100352K, used 9011K [0x00000006c6c00000, 0x00000006cce00000, 0x000000076cf00000)
  object space 100352K, 8% used [0x00000006c6c00000,0x00000006c74cce40,0x00000006cce00000)
 Metaspace       used 20854K, capacity 21060K, committed 21248K, reserved 1069056K
  class space    used 2465K, capacity 2524K, committed 2560K, reserved 1048576K
}
Event: 6.056 GC heap before
{Heap before GC invocations=8 (full 1):
 PSYoungGen      total 268288K, used 257536K [0x000000076cf00000, 0x000000077e100000, 0x00000007c0000000)
  eden space 257536K, 100% used [0x000000076cf00000,0x000000077ca80000,0x000000077ca80000)
  from space 10752K, 0% used [0x000000077d580000,0x000000077d580000,0x000000077e000000)
  to   space 11264K, 0% used [0x000000077ca80000,0x000000077ca80000,0x000000077d580000)
 ParOldGen       total 100352K, used 9011K [0x00000006c6c00000, 0x00000006cce00000, 0x000000076cf00000)
  object space 100352K, 8% used [0x00000006c6c00000,0x00000006c74cce40,0x00000006cce00000)
 Metaspace       used 27429K, capacity 27764K, committed 28032K, reserved 1073152K
  class space    used 3254K, capacity 3336K, committed 3456K, reserved 1048576K
Event: 6.083 GC heap after
Heap after GC invocations=8 (full 1):
 PSYoungGen      total 268800K, used 11260K [0x000000076cf00000, 0x0000000787600000, 0x00000007c0000000)
  eden space 257536K, 0% used [0x000000076cf00000,0x000000076cf00000,0x000000077ca80000)
  from space 11264K, 99% used [0x000000077ca80000,0x000000077d57f120,0x000000077d580000)
  to   space 15872K, 0% used [0x0000000786680000,0x0000000786680000,0x0000000787600000)
 ParOldGen       total 100352K, used 15419K [0x00000006c6c00000, 0x00000006cce00000, 0x000000076cf00000)
  object space 100352K, 15% used [0x00000006c6c00000,0x00000006c7b0ecd8,0x00000006cce00000)
 Metaspace       used 27429K, capacity 27764K, committed 28032K, reserved 1073152K
  class space    used 3254K, capacity 3336K, committed 3456K, reserved 1048576K
}
Event: 7.384 GC heap before
{Heap before GC invocations=9 (full 1):
 PSYoungGen      total 268800K, used 145674K [0x000000076cf00000, 0x0000000787600000, 0x00000007c0000000)
  eden space 257536K, 52% used [0x000000076cf00000,0x0000000775243740,0x000000077ca80000)
  from space 11264K, 99% used [0x000000077ca80000,0x000000077d57f120,0x000000077d580000)
  to   space 15872K, 0% used [0x0000000786680000,0x0000000786680000,0x0000000787600000)
 ParOldGen       total 100352K, used 15419K [0x00000006c6c00000, 0x00000006cce00000, 0x000000076cf00000)
  object space 100352K, 15% used [0x00000006c6c00000,0x00000006c7b0ecd8,0x00000006cce00000)
 Metaspace       used 34653K, capacity 34960K, committed 35416K, reserved 1081344K
  class space    used 4147K, capacity 4210K, committed 4224K, reserved 1048576K
Event: 7.416 GC heap after
Heap after GC invocations=9 (full 1):
 PSYoungGen      total 413184K, used 15852K [0x000000076cf00000, 0x0000000787f80000, 0x00000007c0000000)
  eden space 397312K, 0% used [0x000000076cf00000,0x000000076cf00000,0x0000000785300000)
  from space 15872K, 99% used [0x0000000786680000,0x00000007875fb1a8,0x0000000787600000)
  to   space 19968K, 0% used [0x0000000785300000,0x0000000785300000,0x0000000786680000)
 ParOldGen       total 100352K, used 19468K [0x00000006c6c00000, 0x00000006cce00000, 0x000000076cf00000)
  object space 100352K, 19% used [0x00000006c6c00000,0x00000006c7f03290,0x00000006cce00000)
 Metaspace       used 34653K, capacity 34960K, committed 35416K, reserved 1081344K
  class space    used 4147K, capacity 4210K, committed 4224K, reserved 1048576K
}
Event: 7.416 GC heap before
{Heap before GC invocations=10 (full 2):
 PSYoungGen      total 413184K, used 15852K [0x000000076cf00000, 0x0000000787f80000, 0x00000007c0000000)
  eden space 397312K, 0% used [0x000000076cf00000,0x000000076cf00000,0x0000000785300000)
  from space 15872K, 99% used [0x0000000786680000,0x00000007875fb1a8,0x0000000787600000)
  to   space 19968K, 0% used [0x0000000785300000,0x0000000785300000,0x0000000786680000)
 ParOldGen       total 100352K, used 19468K [0x00000006c6c00000, 0x00000006cce00000, 0x000000076cf00000)
  object space 100352K, 19% used [0x00000006c6c00000,0x00000006c7f03290,0x00000006cce00000)
 Metaspace       used 34653K, capacity 34960K, committed 35416K, reserved 1081344K
  class space    used 4147K, capacity 4210K, committed 4224K, reserved 1048576K
Event: 7.532 GC heap after
Heap after GC invocations=10 (full 2):
 PSYoungGen      total 413184K, used 0K [0x000000076cf00000, 0x0000000787f80000, 0x00000007c0000000)
  eden space 397312K, 0% used [0x000000076cf00000,0x000000076cf00000,0x0000000785300000)
  from space 15872K, 0% used [0x0000000786680000,0x0000000786680000,0x0000000787600000)
  to   space 19968K, 0% used [0x0000000785300000,0x0000000785300000,0x0000000786680000)
 ParOldGen       total 174080K, used 29238K [0x00000006c6c00000, 0x00000006d1600000, 0x000000076cf00000)
  object space 174080K, 16% used [0x00000006c6c00000,0x00000006c888d838,0x00000006d1600000)
 Metaspace       used 34652K, capacity 34958K, committed 35416K, reserved 1081344K
  class space    used 4146K, capacity 4209K, committed 4224K, reserved 1048576K
}
Event: 9.661 GC heap before
{Heap before GC invocations=11 (full 2):
 PSYoungGen      total 413184K, used 397312K [0x000000076cf00000, 0x0000000787f80000, 0x00000007c0000000)
  eden space 397312K, 100% used [0x000000076cf00000,0x0000000785300000,0x0000000785300000)
  from space 15872K, 0% used [0x0000000786680000,0x0000000786680000,0x0000000787600000)
  to   space 19968K, 0% used [0x0000000785300000,0x0000000785300000,0x0000000786680000)
 ParOldGen       total 174080K, used 29238K [0x00000006c6c00000, 0x00000006d1600000, 0x000000076cf00000)
  object space 174080K, 16% used [0x00000006c6c00000,0x00000006c888d838,0x00000006d1600000)
 Metaspace       used 41551K, capacity 41954K, committed 42328K, reserved 1087488K
  class space    used 5068K, capacity 5168K, committed 5248K, reserved 1048576K
Event: 9.693 GC heap after
Heap after GC invocations=11 (full 2):
 PSYoungGen      total 417280K, used 14779K [0x000000076cf00000, 0x000000078e200000, 0x00000007c0000000)
  eden space 397312K, 0% used [0x000000076cf00000,0x000000076cf00000,0x0000000785300000)
  from space 19968K, 74% used [0x0000000785300000,0x000000078616ed70,0x0000000786680000)
  to   space 20992K, 0% used [0x000000078cd80000,0x000000078cd80000,0x000000078e200000)
 ParOldGen       total 174080K, used 29246K [0x00000006c6c00000, 0x00000006d1600000, 0x000000076cf00000)
  object space 174080K, 16% used [0x00000006c6c00000,0x00000006c888f838,0x00000006d1600000)
 Metaspace       used 41551K, capacity 41954K, committed 42328K, reserved 1087488K
  class space    used 5068K, capacity 5168K, committed 5248K, reserved 1048576K
}

