# JRE version: Java(TM) SE Runtime Environment (8.0_25-b17) (build 1.8.0_25-b17)
# Java VM: Java HotSpot(TM) 64-Bit Server VM (25.25-b02 mixed mode linux-amd64 compressed oops)
Heap:
 PSYoungGen      total 406016K, used 367393K [0x000000076cf00000, 0x000000078cc80000, 0x00000007c0000000)
  eden space 386048K, 91% used [0x000000076cf00000,0x00000007827e59d8,0x0000000784800000)
  from space 19968K, 71% used [0x0000000784800000,0x00000007855e2c70,0x0000000785b80000)
  to   space 20992K, 0% used [0x000000078b800000,0x000000078b800000,0x000000078cc80000)
 ParOldGen       total 178688K, used 29257K [0x00000006c6c00000, 0x00000006d1a80000, 0x000000076cf00000)
  object space 178688K, 16% used [0x00000006c6c00000,0x00000006c88924d8,0x00000006d1a80000)
 Metaspace       used 53642K, capacity 54304K, committed 54488K, reserved 1097728K
  class space    used 6228K, capacity 6350K, committed 6400K, reserved 1048576K
GC Heap History (10 events):
Event: 3.693 GC heap before
{Heap before GC invocations=7 (full 1):
 PSYoungGen      total 268288K, used 9181K [0x000000076cf00000, 0x000000077e100000, 0x00000007c0000000)
  eden space 257536K, 0% used [0x000000076cf00000,0x000000076cf00000,0x000000077ca80000)
  from space 10752K, 85% used [0x000000077d580000,0x000000077de775f8,0x000000077e000000)
  to   space 11264K, 0% used [0x000000077ca80000,0x000000077ca80000,0x000000077d580000)
 ParOldGen       total 171008K, used 217K [0x00000006c6c00000, 0x00000006d1300000, 0x000000076cf00000)
  object space 171008K, 0% used [0x00000006c6c00000,0x00000006c6c365e8,0x00000006d1300000)
 Metaspace       used 20852K, capacity 21060K, committed 21248K, reserved 1069056K
  class space    used 2466K, capacity 2524K, committed 2560K, reserved 1048576K
Event: 3.792 GC heap after
Heap after GC invocations=7 (full 1):
 PSYoungGen      total 268288K, used 0K [0x000000076cf00000, 0x000000077e100000, 0x00000007c0000000)
  eden space 257536K, 0% used [0x000000076cf00000,0x000000076cf00000,0x000000077ca80000)
  from space 10752K, 0% used [0x000000077d580000,0x000000077d580000,0x000000077e000000)
  to   space 11264K, 0% used [0x000000077ca80000,0x000000077ca80000,0x000000077d580000)
 ParOldGen       total 102912K, used 9028K [0x00000006c6c00000, 0x00000006cd080000, 0x000000076cf00000)
  object space 102912K, 8% used [0x00000006c6c00000,0x00000006c74d1330,0x00000006cd080000)
 Metaspace       used 20852K, capacity 21060K, committed 21248K, reserved 1069056K
  class space    used 2466K, capacity 2524K, committed 2560K, reserved 1048576K
}
Event: 5.432 GC heap before
{Heap before GC invocations=8 (full 1):
 PSYoungGen      total 268288K, used 257536K [0x000000076cf00000, 0x000000077e100000, 0x00000007c0000000)
  eden space 257536K, 100% used [0x000000076cf00000,0x000000077ca80000,0x000000077ca80000)
  from space 10752K, 0% used [0x000000077d580000,0x000000077d580000,0x000000077e000000)
  to   space 11264K, 0% used [0x000000077ca80000,0x000000077ca80000,0x000000077d580000)
 ParOldGen       total 102912K, used 9028K [0x00000006c6c00000, 0x00000006cd080000, 0x000000076cf00000)
  object space 102912K, 8% used [0x00000006c6c00000,0x00000006c74d1330,0x00000006cd080000)
 Metaspace       used 27340K, capacity 27700K, committed 28032K, reserved 1073152K
  class space    used 3252K, capacity 3336K, committed 3456K, reserved 1048576K
Event: 5.464 GC heap after
Heap after GC invocations=8 (full 1):
 PSYoungGen      total 268800K, used 11257K [0x000000076cf00000, 0x0000000786f00000, 0x00000007c0000000)
  eden space 257536K, 0% used [0x000000076cf00000,0x000000076cf00000,0x000000077ca80000)
  from space 11264K, 99% used [0x000000077ca80000,0x000000077d57e428,0x000000077d580000)
  to   space 16384K, 0% used [0x0000000785f00000,0x0000000785f00000,0x0000000786f00000)
 ParOldGen       total 102912K, used 15727K [0x00000006c6c00000, 0x00000006cd080000, 0x000000076cf00000)
  object space 102912K, 15% used [0x00000006c6c00000,0x00000006c7b5bce8,0x00000006cd080000)
 Metaspace       used 27340K, capacity 27700K, committed 28032K, reserved 1073152K
  class space    used 3252K, capacity 3336K, committed 3456K, reserved 1048576K
}
Event: 6.616 GC heap before
{Heap before GC invocations=9 (full 1):
 PSYoungGen      total 268800K, used 149836K [0x000000076cf00000, 0x0000000786f00000, 0x00000007c0000000)
  eden space 257536K, 53% used [0x000000076cf00000,0x0000000775654f60,0x000000077ca80000)
  from space 11264K, 99% used [0x000000077ca80000,0x000000077d57e428,0x000000077d580000)
  to   space 16384K, 0% used [0x0000000785f00000,0x0000000785f00000,0x0000000786f00000)
 ParOldGen       total 102912K, used 15727K [0x00000006c6c00000, 0x00000006cd080000, 0x000000076cf00000)
  object space 102912K, 15% used [0x00000006c6c00000,0x00000006c7b5bce8,0x00000006cd080000)
 Metaspace       used 34632K, capacity 34960K, committed 35416K, reserved 1081344K
  class space    used 4147K, capacity 4210K, committed 4224K, reserved 1048576K
Event: 6.635 GC heap after
Heap after GC invocations=9 (full 1):
 PSYoungGen      total 401920K, used 16356K [0x000000076cf00000, 0x0000000786f00000, 0x00000007c0000000)
  eden space 385536K, 0% used [0x000000076cf00000,0x000000076cf00000,0x0000000784780000)
  from space 16384K, 99% used [0x0000000785f00000,0x0000000786ef9088,0x0000000786f00000)
  to   space 19968K, 0% used [0x0000000784800000,0x0000000784800000,0x0000000785b80000)
 ParOldGen       total 102912K, used 19002K [0x00000006c6c00000, 0x00000006cd080000, 0x000000076cf00000)
  object space 102912K, 18% used [0x00000006c6c00000,0x00000006c7e8ea78,0x00000006cd080000)
 Metaspace       used 34632K, capacity 34960K, committed 35416K, reserved 1081344K
  class space    used 4147K, capacity 4210K, committed 4224K, reserved 1048576K
}
Event: 6.635 GC heap before
{Heap before GC invocations=10 (full 2):
 PSYoungGen      total 401920K, used 16356K [0x000000076cf00000, 0x0000000786f00000, 0x00000007c0000000)
  eden space 385536K, 0% used [0x000000076cf00000,0x000000076cf00000,0x0000000784780000)
  from space 16384K, 99% used [0x0000000785f00000,0x0000000786ef9088,0x0000000786f00000)
  to   space 19968K, 0% used [0x0000000784800000,0x0000000784800000,0x0000000785b80000)
 ParOldGen       total 102912K, used 19002K [0x00000006c6c00000, 0x00000006cd080000, 0x000000076cf00000)
  object space 102912K, 18% used [0x00000006c6c00000,0x00000006c7e8ea78,0x00000006cd080000)
 Metaspace       used 34632K, capacity 34960K, committed 35416K, reserved 1081344K
  class space    used 4147K, capacity 4210K, committed 4224K, reserved 1048576K
Event: 6.738 GC heap after
Heap after GC invocations=10 (full 2):
 PSYoungGen      total 401920K, used 0K [0x000000076cf00000, 0x0000000786f00000, 0x00000007c0000000)
  eden space 385536K, 0% used [0x000000076cf00000,0x000000076cf00000,0x0000000784780000)
  from space 16384K, 0% used [0x0000000785f00000,0x0000000785f00000,0x0000000786f00000)
  to   space 19968K, 0% used [0x0000000784800000,0x0000000784800000,0x0000000785b80000)
 ParOldGen       total 178688K, used 29257K [0x00000006c6c00000, 0x00000006d1a80000, 0x000000076cf00000)
  object space 178688K, 16% used [0x00000006c6c00000,0x00000006c88924d8,0x00000006d1a80000)
 Metaspace       used 34631K, capacity 34958K, committed 35416K, reserved 1081344K
  class space    used 4146K, capacity 4209K, committed 4224K, reserved 1048576K
}
Event: 8.971 GC heap before
{Heap before GC invocations=11 (full 2):
 PSYoungGen      total 401920K, used 385536K [0x000000076cf00000, 0x0000000786f00000, 0x00000007c0000000)
  eden space 385536K, 100% used [0x000000076cf00000,0x0000000784780000,0x0000000784780000)
  from space 16384K, 0% used [0x0000000785f00000,0x0000000785f00000,0x0000000786f00000)
  to   space 19968K, 0% used [0x0000000784800000,0x0000000784800000,0x0000000785b80000)
 ParOldGen       total 178688K, used 29257K [0x00000006c6c00000, 0x00000006d1a80000, 0x000000076cf00000)
  object space 178688K, 16% used [0x00000006c6c00000,0x00000006c88924d8,0x00000006d1a80000)
 Metaspace       used 40829K, capacity 41210K, committed 41688K, reserved 1085440K
  class space    used 4958K, capacity 5058K, committed 5120K, reserved 1048576K
Event: 8.987 GC heap after
Heap after GC invocations=11 (full 2):
 PSYoungGen      total 406016K, used 14219K [0x000000076cf00000, 0x000000078cc80000, 0x00000007c0000000)
  eden space 386048K, 0% used [0x000000076cf00000,0x000000076cf00000,0x0000000784800000)
  from space 19968K, 71% used [0x0000000784800000,0x00000007855e2c70,0x0000000785b80000)
  to   space 20992K, 0% used [0x000000078b800000,0x000000078b800000,0x000000078cc80000)
 ParOldGen       total 178688K, used 29257K [0x00000006c6c00000, 0x00000006d1a80000, 0x000000076cf00000)
  object space 178688K, 16% used [0x00000006c6c00000,0x00000006c88924d8,0x00000006d1a80000)
 Metaspace       used 40829K, capacity 41210K, committed 41688K, reserved 1085440K
  class space    used 4958K, capacity 5058K, committed 5120K, reserved 1048576K
}

